<?xml version="1.0" encoding="UTF-8"?>
<!-- Generated by org.testng.reporters.JUnitReportReporter -->
<testsuite hostname="DESKTOP-7N5R1H4" failures="0" tests="2" name="practise.TestNG_TestParallel2" time="12.027" errors="0" timestamp="2021-02-02T11:25:15 IST" skipped="0">
  <testcase classname="practise.TestNG_TestParallel2" name="testMethod2" time="6.009"/>
  <system-out/>
  <testcase classname="practise.TestNG_TestParallel2" name="testMethod1" time="6.018"/>
  <system-out/>
</testsuite> <!-- practise.TestNG_TestParallel2 -->
