<?xml version="1.0" encoding="UTF-8"?>
<!-- Generated by org.testng.reporters.JUnitReportReporter -->
<testsuite hostname="DESKTOP-7N5R1H4" failures="0" tests="2" name="practise.TestNG_FactoryMthd" time="0.019" errors="0" timestamp="2021-02-02T22:54:35 IST" skipped="0">
  <testcase classname="practise.TestNG_FactoryMthd" name="test2" time="0.003"/>
  <system-out/>
  <testcase classname="practise.TestNG_FactoryMthd" name="test1" time="0.016"/>
  <system-out/>
</testsuite> <!-- practise.TestNG_FactoryMthd -->
