<?xml version="1.0" encoding="UTF-8"?>
<!-- Generated by org.testng.reporters.JUnitReportReporter -->
<testsuite hostname="DESKTOP-7N5R1H4" failures="0" tests="3" name="practise.BasicActions" time="56.381" errors="0" timestamp="2021-02-02T10:48:05 IST" skipped="2">
  <testcase classname="practise.BasicActions" name="autoComplete" time="56.381"/>
  <system-out/>
  <testcase classname="practise.BasicActions" name="test">
    <skipped/>
  </testcase> <!-- test -->
  <system-out/>
  <testcase classname="practise.BasicActions" name="testWebElements">
    <skipped/>
  </testcase> <!-- testWebElements -->
  <system-out/>
</testsuite> <!-- practise.BasicActions -->
