<?xml version="1.0" encoding="UTF-8"?>
<!-- Generated by org.testng.reporters.JUnitReportReporter -->
<testsuite hostname="DESKTOP-7N5R1H4" failures="0" tests="1" name="practise.TestNG_TestParameters" time="0.020" errors="0" timestamp="2021-02-02T11:17:59 IST" skipped="0">
  <testcase classname="practise.TestNG_TestParameters" name="f" time="0.020"/>
  <system-out/>
</testsuite> <!-- practise.TestNG_TestParameters -->
