<?xml version="1.0" encoding="UTF-8"?>
<!-- Generated by org.testng.reporters.JUnitReportReporter -->
<testsuite hostname="DESKTOP-7N5R1H4" failures="0" tests="1" name="practise.MouseHoverDemo" time="20.214" errors="0" timestamp="2021-02-01T12:53:59 IST" skipped="0">
  <testcase classname="practise.MouseHoverDemo" name="testJavaScriptExe" time="20.214"/>
  <system-out/>
</testsuite> <!-- practise.MouseHoverDemo -->
