<?xml version="1.0" encoding="UTF-8"?>
<!-- Generated by org.testng.reporters.JUnitReportReporter -->
<testsuite hostname="DESKTOP-7N5R1H4" failures="0" tests="1" name="practise.LoginTest" time="22.119" errors="0" timestamp="2021-02-03T12:28:45 IST" skipped="0">
  <testcase classname="practise.LoginTest" name="test" time="22.119"/>
  <system-out/>
</testsuite> <!-- practise.LoginTest -->
