<?xml version="1.0" encoding="UTF-8"?>
<!-- Generated by org.testng.reporters.JUnitReportReporter -->
<testsuite hostname="DESKTOP-7N5R1H4" failures="0" tests="1" name="practise.ExplicitWaitDemo" time="23.281" errors="0" timestamp="2021-01-29T17:49:35 IST" skipped="0">
  <testcase classname="practise.ExplicitWaitDemo" name="test" time="23.281"/>
  <system-out/>
</testsuite> <!-- practise.ExplicitWaitDemo -->
