<?xml version="1.0" encoding="UTF-8"?>
<!-- Generated by org.testng.reporters.JUnitReportReporter -->
<testsuite hostname="DESKTOP-7N5R1H4" failures="0" tests="2" name="practise.Gmail" time="50.905" errors="0" timestamp="2021-02-03T17:15:47 IST" skipped="0">
  <testcase classname="practise.Gmail" name="launchBrowser" time="24.856"/>
  <system-out/>
  <testcase classname="practise.Gmail" name="launchBrowser" time="26.049"/>
  <system-out/>
</testsuite> <!-- practise.Gmail -->
