<?xml version="1.0" encoding="UTF-8"?>
<!-- Generated by org.testng.reporters.JUnitReportReporter -->
<testsuite hostname="DESKTOP-7N5R1H4" failures="0" tests="1" name="practise.NewTest" time="0.026" errors="0" timestamp="2021-01-29T12:46:53 IST" skipped="0">
  <testcase classname="practise.NewTest" name="foo" time="0.026"/>
  <system-out/>
</testsuite> <!-- practise.NewTest -->
