<?xml version="1.0" encoding="UTF-8"?>
<!-- Generated by org.testng.reporters.JUnitReportReporter -->
<testsuite hostname="DESKTOP-7N5R1H4" failures="0" tests="3" name="practise.JavaScriptExecutionDemo" time="16.910" errors="0" timestamp="2021-02-01T00:18:39 IST" skipped="2">
  <testcase classname="practise.JavaScriptExecutionDemo" name="testJSClick" time="16.910"/>
  <system-out/>
  <testcase classname="practise.JavaScriptExecutionDemo" name="scrollExecution">
    <skipped/>
  </testcase> <!-- scrollExecution -->
  <system-out/>
  <testcase classname="practise.JavaScriptExecutionDemo" name="testJavaScriptExe">
    <skipped/>
  </testcase> <!-- testJavaScriptExe -->
  <system-out/>
</testsuite> <!-- practise.JavaScriptExecutionDemo -->
