<?xml version="1.0" encoding="UTF-8"?>
<!-- Generated by org.testng.reporters.JUnitReportReporter -->
<testsuite hostname="DESKTOP-7N5R1H4" failures="0" tests="3" name="practise.TestNGPriority" time="0.027" errors="0" timestamp="2021-01-29T11:59:57 IST" skipped="0">
  <testcase classname="practise.TestNGPriority" name="test1" time="0.020"/>
  <system-out/>
  <testcase classname="practise.TestNGPriority" name="test2" time="0.004"/>
  <system-out/>
  <testcase classname="practise.TestNGPriority" name="test3" time="0.003"/>
  <system-out/>
</testsuite> <!-- practise.TestNGPriority -->
