<?xml version="1.0" encoding="UTF-8"?>
<!-- Generated by org.testng.reporters.JUnitReportReporter -->
<testsuite hostname="DESKTOP-7N5R1H4" failures="0" tests="2" name="practise.NewTest1" time="0.014" errors="0" timestamp="2021-01-29T12:46:53 IST" skipped="0">
  <testcase classname="practise.NewTest1" name="f2" time="0.010"/>
  <system-out/>
  <testcase classname="practise.NewTest1" name="f" time="0.004"/>
  <system-out/>
</testsuite> <!-- practise.NewTest1 -->
