<?xml version="1.0" encoding="UTF-8"?>
<!-- Generated by org.testng.reporters.JUnitReportReporter -->
<testsuite hostname="DESKTOP-7N5R1H4" failures="0" tests="2" name="practise.TestNG_Grouping" time="0.012" errors="0" timestamp="2021-01-29T12:36:39 IST" skipped="0">
  <testcase classname="practise.TestNG_Grouping" name="test1" time="0.009"/>
  <system-out/>
  <testcase classname="practise.TestNG_Grouping" name="test2" time="0.003"/>
  <system-out/>
</testsuite> <!-- practise.TestNG_Grouping -->
