<?xml version="1.0" encoding="UTF-8"?>
<!-- Generated by org.testng.reporters.JUnitReportReporter -->
<testsuite hostname="DESKTOP-7N5R1H4" failures="0" tests="2" name="practise.SwitchToWindow" time="23.840" errors="0" timestamp="2021-02-01T12:19:19 IST" skipped="1">
  <testcase classname="practise.SwitchToWindow" name="switchTab" time="23.840"/>
  <system-out/>
  <testcase classname="practise.SwitchToWindow" name="testJavaScriptExe">
    <skipped/>
  </testcase> <!-- testJavaScriptExe -->
  <system-out/>
</testsuite> <!-- practise.SwitchToWindow -->
