<?xml version="1.0" encoding="UTF-8"?>
<!-- Generated by org.testng.reporters.JUnitReportReporter -->
<testsuite hostname="DESKTOP-7N5R1H4" failures="0" tests="3" name="practise.keyboard" time="21.854" errors="0" timestamp="2021-02-01T14:45:04 IST" skipped="2">
  <testcase classname="practise.keyboard" name="testkeyPressActions" time="21.854"/>
  <system-out/>
  <testcase classname="practise.keyboard" name="testkeyPress">
    <skipped/>
  </testcase> <!-- testkeyPress -->
  <system-out/>
  <testcase classname="practise.keyboard" name="test">
    <skipped/>
  </testcase> <!-- test -->
  <system-out/>
</testsuite> <!-- practise.keyboard -->
