<?xml version="1.0" encoding="UTF-8"?>
<!-- Generated by org.testng.reporters.JUnitReportReporter -->
<testsuite hostname="DESKTOP-7N5R1H4" failures="0" tests="1" name="practise.SwitchToFrame" time="19.897" errors="0" timestamp="2021-02-01T12:02:45 IST" skipped="0">
  <testcase classname="practise.SwitchToFrame" name="testJavaScriptExe" time="19.897"/>
  <system-out/>
</testsuite> <!-- practise.SwitchToFrame -->
