<?xml version="1.0" encoding="UTF-8"?>
<!-- Generated by org.testng.reporters.JUnitReportReporter -->
<testsuite hostname="DESKTOP-7N5R1H4" failures="0" tests="3" name="practise.TestNG_DataProvider" time="0.020" errors="0" timestamp="2021-02-02T11:55:26 IST" skipped="0">
  <testcase classname="practise.TestNG_DataProvider" name="test" time="0.005"/>
  <system-out/>
  <testcase classname="practise.TestNG_DataProvider" name="test" time="0.003"/>
  <system-out/>
  <testcase classname="practise.TestNG_DataProvider" name="test" time="0.012"/>
  <system-out/>
</testsuite> <!-- practise.TestNG_DataProvider -->
