<?xml version="1.0" encoding="UTF-8"?>
<!-- Generated by org.testng.reporters.JUnitReportReporter -->
<testsuite hostname="DESKTOP-7N5R1H4" failures="0" tests="1" name="practise.SwitchToAlert" time="20.998" errors="0" timestamp="2021-02-01T12:29:37 IST" skipped="0">
  <testcase classname="practise.SwitchToAlert" name="testJavaScriptExe" time="20.998"/>
  <system-out/>
</testsuite> <!-- practise.SwitchToAlert -->
