<?xml version="1.0" encoding="UTF-8"?>
<!-- Generated by org.testng.reporters.JUnitReportReporter -->
<testsuite hostname="DESKTOP-7N5R1H4" failures="0" tests="2" name="practise.TestNG_FactoryMthd2" time="0.012" errors="0" timestamp="2021-02-02T22:54:35 IST" skipped="0">
  <testcase classname="practise.TestNG_FactoryMthd2" name="test2" time="0.005"/>
  <system-out/>
  <testcase classname="practise.TestNG_FactoryMthd2" name="test1" time="0.007"/>
  <system-out/>
</testsuite> <!-- practise.TestNG_FactoryMthd2 -->
